2020/04/24 12:45:37 [error] [php] include(Lookup.php): failed to open stream: No such file or directory (C:\xampp\htdocs\rflogs\yii_back\framework\YiiBase.php:463)
Stack trace:
#0 C:\xampp\htdocs\rflogs\protected\views\compliance\index.php(118): spl_autoload_call()
#1 C:\xampp\htdocs\rflogs\yii_back\framework\web\CBaseController.php(126): require()
#2 C:\xampp\htdocs\rflogs\yii_back\framework\web\CBaseController.php(95): ComplianceController->renderInternal()
#3 C:\xampp\htdocs\rflogs\yii_back\framework\web\CController.php(872): ComplianceController->renderFile()
#4 C:\xampp\htdocs\rflogs\yii_back\framework\web\CController.php(785): ComplianceController->renderPartial()
#5 C:\xampp\htdocs\rflogs\protected\controllers\ComplianceController.php(72): ComplianceController->render()
#6 C:\xampp\htdocs\rflogs\yii_back\framework\web\actions\CInlineAction.php(49): ComplianceController->actionIndex()
#7 C:\xampp\htdocs\rflogs\yii_back\framework\web\CController.php(308): CInlineAction->runWithParams()
#8 C:\xampp\htdocs\rflogs\yii_back\framework\web\filters\CFilterChain.php(134): ComplianceController->runAction()
#9 C:\xampp\htdocs\rflogs\yii_back\framework\web\filters\CFilter.php(40): CFilterChain->run()
#10 C:\xampp\htdocs\rflogs\yii_back\framework\web\CController.php(1148): CAccessControlFilter->filter()
#11 C:\xampp\htdocs\rflogs\yii_back\framework\web\filters\CInlineFilter.php(58): ComplianceController->filterAccessControl()
#12 C:\xampp\htdocs\rflogs\yii_back\framework\web\filters\CFilterChain.php(131): CInlineFilter->filter()
#13 C:\xampp\htdocs\rflogs\yii_back\framework\web\CController.php(291): CFilterChain->run()
#14 C:\xampp\htdocs\rflogs\yii_back\framework\web\CController.php(265): ComplianceController->runActionWithFilters()
#15 C:\xampp\htdocs\rflogs\yii_back\framework\web\CWebApplication.php(282): ComplianceController->run()
#16 C:\xampp\htdocs\rflogs\yii_back\framework\web\CWebApplication.php(141): CWebApplication->runController()
#17 C:\xampp\htdocs\rflogs\yii_back\framework\base\CApplication.php(185): CWebApplication->processRequest()
#18 C:\xampp\htdocs\rflogs\index.php(8): CWebApplication->run()
REQUEST_URI=/rflogs/compliance
2020/04/24 12:47:18 [error] [exception.CException] CException: Property "ComplianceSchedule.title" is not defined. in C:\xampp\htdocs\rflogs\yii_back\framework\base\CComponent.php:130
Stack trace:
#0 C:\xampp\htdocs\rflogs\yii_back\framework\db\ar\CActiveRecord.php(145): CComponent->__get('title')
#1 C:\xampp\htdocs\rflogs\yii_back\framework\web\helpers\CHtml.php(2760): CActiveRecord->__get('title')
#2 C:\xampp\htdocs\rflogs\yii_back\framework\web\helpers\CHtml.php(2483): CHtml::resolveValue(Object(ComplianceSchedule), 'title')
#3 C:\xampp\htdocs\rflogs\yii_back\framework\web\helpers\CHtml.php(1540): CHtml::activeInputField('text', Object(ComplianceSchedule), 'title', Array)
#4 C:\xampp\htdocs\rflogs\yii_back\framework\zii\widgets\grid\CDataColumn.php(104): CHtml::activeTextField(Object(ComplianceSchedule), 'title', Array)
#5 C:\xampp\htdocs\rflogs\yii_back\framework\zii\widgets\grid\CGridColumn.php(253): CDataColumn->getFilterCellContent()
#6 C:\xampp\htdocs\rflogs\yii_back\framework\zii\widgets\grid\CGridColumn.php(119): CGridColumn->renderFilterCellContent()
#7 C:\xampp\htdocs\rflogs\yii_back\framework\zii\widgets\grid\CGridView.php(539): CGridColumn->renderFilterCell()
#8 C:\xampp\htdocs\rflogs\yii_back\framework\zii\widgets\grid\CGridView.php(517): CGridView->renderFilter()
#9 C:\xampp\htdocs\rflogs\yii_back\framework\zii\widgets\grid\CGridView.php(487): CGridView->renderTableHeader()
#10 C:\xampp\htdocs\rflogs\yii_back\framework\zii\widgets\CBaseListView.php(181): CGridView->renderItems()
#11 [internal function]: CBaseListView->renderSection(Array)
#12 C:\xampp\htdocs\rflogs\yii_back\framework\zii\widgets\CBaseListView.php(164): preg_replace_callback('/{(\\w+)}/', Array, '{summary}\n{item...')
#13 C:\xampp\htdocs\rflogs\yii_back\framework\zii\widgets\CBaseListView.php(149): CBaseListView->renderContent()
#14 C:\xampp\htdocs\rflogs\yii_back\framework\web\CBaseController.php(182): CBaseListView->run()
#15 C:\xampp\htdocs\rflogs\protected\views\compliance\index.php(107): CBaseController->widget('zii.widgets.gri...', Array)
#16 C:\xampp\htdocs\rflogs\yii_back\framework\web\CBaseController.php(126): require('C:\\xampp\\htdocs...')
#17 C:\xampp\htdocs\rflogs\yii_back\framework\web\CBaseController.php(95): CBaseController->renderInternal('C:\\xampp\\htdocs...', Array, true)
#18 C:\xampp\htdocs\rflogs\yii_back\framework\web\CController.php(872): CBaseController->renderFile('C:\\xampp\\htdocs...', Array, true)
#19 C:\xampp\htdocs\rflogs\yii_back\framework\web\CController.php(785): CController->renderPartial('index', Array, true)
#20 C:\xampp\htdocs\rflogs\protected\controllers\ComplianceController.php(72): CController->render('index', Array)
#21 C:\xampp\htdocs\rflogs\yii_back\framework\web\actions\CInlineAction.php(49): ComplianceController->actionIndex()
#22 C:\xampp\htdocs\rflogs\yii_back\framework\web\CController.php(308): CInlineAction->runWithParams(Array)
#23 C:\xampp\htdocs\rflogs\yii_back\framework\web\filters\CFilterChain.php(134): CController->runAction(Object(CInlineAction))
#24 C:\xampp\htdocs\rflogs\yii_back\framework\web\filters\CFilter.php(40): CFilterChain->run()
#25 C:\xampp\htdocs\rflogs\yii_back\framework\web\CController.php(1148): CFilter->filter(Object(CFilterChain))
#26 C:\xampp\htdocs\rflogs\yii_back\framework\web\filters\CInlineFilter.php(58): CController->filterAccessControl(Object(CFilterChain))
#27 C:\xampp\htdocs\rflogs\yii_back\framework\web\filters\CFilterChain.php(131): CInlineFilter->filter(Object(CFilterChain))
#28 C:\xampp\htdocs\rflogs\yii_back\framework\web\CController.php(291): CFilterChain->run()
#29 C:\xampp\htdocs\rflogs\yii_back\framework\web\CController.php(265): CController->runActionWithFilters(Object(CInlineAction), Array)
#30 C:\xampp\htdocs\rflogs\yii_back\framework\web\CWebApplication.php(282): CController->run('')
#31 C:\xampp\htdocs\rflogs\yii_back\framework\web\CWebApplication.php(141): CWebApplication->runController('compliance')
#32 C:\xampp\htdocs\rflogs\yii_back\framework\base\CApplication.php(185): CWebApplication->processRequest()
#33 C:\xampp\htdocs\rflogs\index.php(8): CApplication->run()
#34 {main}
REQUEST_URI=/rflogs/compliance
HTTP_REFERER=http://localhost/rflogs/home/manual
---
2020/04/24 13:10:48 [error] [exception.CException] CException: Property "ComplianceSchedule.agency_users_id" is not defined. in C:\xampp\htdocs\rflogs\yii_back\framework\base\CComponent.php:130
Stack trace:
#0 C:\xampp\htdocs\rflogs\yii_back\framework\db\ar\CActiveRecord.php(145): CComponent->__get('agency_users_id')
#1 C:\xampp\htdocs\rflogs\yii_back\framework\base\CComponent.php(614) : eval()'d code(1): CActiveRecord->__get('agency_users_id')
#2 C:\xampp\htdocs\rflogs\yii_back\framework\base\CComponent.php(614): eval()
#3 C:\xampp\htdocs\rflogs\yii_back\framework\zii\widgets\grid\CCheckBoxColumn.php(224): CComponent->evaluateExpression('$data->agency_u...', Array)
#4 C:\xampp\htdocs\rflogs\yii_back\framework\zii\widgets\grid\CGridColumn.php(231): CCheckBoxColumn->getDataCellContent(0)
#5 C:\xampp\htdocs\rflogs\yii_back\framework\zii\widgets\grid\CGridColumn.php(154): CGridColumn->renderDataCellContent(0, Object(ComplianceSchedule))
#6 C:\xampp\htdocs\rflogs\yii_back\framework\zii\widgets\grid\CGridView.php(639): CGridColumn->renderDataCell(0)
#7 C:\xampp\htdocs\rflogs\yii_back\framework\zii\widgets\grid\CGridView.php(623): CGridView->renderDataCell(Object(CCheckBoxColumn), 0)
#8 C:\xampp\htdocs\rflogs\yii_back\framework\zii\widgets\grid\CGridView.php(579): CGridView->renderTableRow(0)
#9 C:\xampp\htdocs\rflogs\yii_back\framework\zii\widgets\grid\CGridView.php(489): CGridView->renderTableBody()
#10 C:\xampp\htdocs\rflogs\yii_back\framework\zii\widgets\CBaseListView.php(181): CGridView->renderItems()
#11 [internal function]: CBaseListView->renderSection(Array)
#12 C:\xampp\htdocs\rflogs\yii_back\framework\zii\widgets\CBaseListView.php(164): preg_replace_callback('/{(\\w+)}/', Array, '{items}\n{pager}')
#13 C:\xampp\htdocs\rflogs\yii_back\framework\zii\widgets\CBaseListView.php(149): CBaseListView->renderContent()
#14 C:\xampp\htdocs\rflogs\yii_back\framework\web\CBaseController.php(182): CBaseListView->run()
#15 C:\xampp\htdocs\rflogs\protected\views\compliance\index.php(147): CBaseController->widget('bootstrap.widge...', Array)
#16 C:\xampp\htdocs\rflogs\yii_back\framework\web\CBaseController.php(126): require('C:\\xampp\\htdocs...')
#17 C:\xampp\htdocs\rflogs\yii_back\framework\web\CBaseController.php(95): CBaseController->renderInternal('C:\\xampp\\htdocs...', Array, true)
#18 C:\xampp\htdocs\rflogs\yii_back\framework\web\CController.php(872): CBaseController->renderFile('C:\\xampp\\htdocs...', Array, true)
#19 C:\xampp\htdocs\rflogs\yii_back\framework\web\CController.php(785): CController->renderPartial('index', Array, true)
#20 C:\xampp\htdocs\rflogs\protected\controllers\ComplianceController.php(74): CController->render('index', Array)
#21 C:\xampp\htdocs\rflogs\yii_back\framework\web\actions\CInlineAction.php(49): ComplianceController->actionIndex()
#22 C:\xampp\htdocs\rflogs\yii_back\framework\web\CController.php(308): CInlineAction->runWithParams(Array)
#23 C:\xampp\htdocs\rflogs\yii_back\framework\web\filters\CFilterChain.php(134): CController->runAction(Object(CInlineAction))
#24 C:\xampp\htdocs\rflogs\yii_back\framework\web\filters\CFilter.php(40): CFilterChain->run()
#25 C:\xampp\htdocs\rflogs\yii_back\framework\web\CController.php(1148): CFilter->filter(Object(CFilterChain))
#26 C:\xampp\htdocs\rflogs\yii_back\framework\web\filters\CInlineFilter.php(58): CController->filterAccessControl(Object(CFilterChain))
#27 C:\xampp\htdocs\rflogs\yii_back\framework\web\filters\CFilterChain.php(131): CInlineFilter->filter(Object(CFilterChain))
#28 C:\xampp\htdocs\rflogs\yii_back\framework\web\CController.php(291): CFilterChain->run()
#29 C:\xampp\htdocs\rflogs\yii_back\framework\web\CController.php(265): CController->runActionWithFilters(Object(CInlineAction), Array)
#30 C:\xampp\htdocs\rflogs\yii_back\framework\web\CWebApplication.php(282): CController->run('')
#31 C:\xampp\htdocs\rflogs\yii_back\framework\web\CWebApplication.php(141): CWebApplication->runController('compliance')
#32 C:\xampp\htdocs\rflogs\yii_back\framework\base\CApplication.php(185): CWebApplication->processRequest()
#33 C:\xampp\htdocs\rflogs\index.php(8): CApplication->run()
#34 {main}
REQUEST_URI=/rflogs/compliance
---
2020/05/06 07:17:27 [error] [php] Undefined variable: pdf_header (/home/srv/www/htdocs/rflogs/protected/components/AppPDF.php:8)
Stack trace:
#0 /home/srv/www/htdocs/rflogs/yii_back/framework/web/CBaseController.php(95): ComplianceController->renderInternal()
#1 /home/srv/www/htdocs/rflogs/yii_back/framework/web/CController.php(872): ComplianceController->renderFile()
#2 /home/srv/www/htdocs/rflogs/yii_back/framework/web/CController.php(785): ComplianceController->renderPartial()
#3 /home/srv/www/htdocs/rflogs/protected/controllers/ComplianceController.php(103): ComplianceController->render()
#4 unknown(0): ComplianceController->actionProcess()
#5 /home/srv/www/htdocs/rflogs/yii_back/framework/web/actions/CAction.php(109): ReflectionMethod->invokeArgs()
#6 /home/srv/www/htdocs/rflogs/yii_back/framework/web/actions/CInlineAction.php(47): CInlineAction->runWithParamsInternal()
#7 /home/srv/www/htdocs/rflogs/yii_back/framework/web/CController.php(308): CInlineAction->runWithParams()
#8 /home/srv/www/htdocs/rflogs/yii_back/framework/web/filters/CFilterChain.php(134): ComplianceController->runAction()
#9 /home/srv/www/htdocs/rflogs/yii_back/framework/web/filters/CFilter.php(40): CFilterChain->run()
#10 /home/srv/www/htdocs/rflogs/yii_back/framework/web/CController.php(1148): CAccessControlFilter->filter()
#11 /home/srv/www/htdocs/rflogs/yii_back/framework/web/filters/CInlineFilter.php(58): ComplianceController->filterAccessControl()
#12 /home/srv/www/htdocs/rflogs/yii_back/framework/web/filters/CFilterChain.php(131): CInlineFilter->filter()
#13 /home/srv/www/htdocs/rflogs/yii_back/framework/web/CController.php(291): CFilterChain->run()
#14 /home/srv/www/htdocs/rflogs/yii_back/framework/web/CController.php(265): ComplianceController->runActionWithFilters()
#15 /home/srv/www/htdocs/rflogs/yii_back/framework/web/CWebApplication.php(282): ComplianceController->run()
#16 /home/srv/www/htdocs/rflogs/yii_back/framework/web/CWebApplication.php(141): CWebApplication->runController()
#17 /home/srv/www/htdocs/rflogs/yii_back/framework/base/CApplication.php(185): CWebApplication->processRequest()
#18 /home/srv/www/htdocs/rflogs/index.php(8): CWebApplication->run()
REQUEST_URI=/rflogs/compliance/process/25
2020/05/06 07:20:18 [error] [php] Undefined variable: pdf_header (/home/srv/www/htdocs/rflogs/protected/components/AppPDF.php:8)
Stack trace:
#0 /home/srv/www/htdocs/rflogs/yii_back/framework/web/CBaseController.php(95): ComplianceController->renderInternal()
#1 /home/srv/www/htdocs/rflogs/yii_back/framework/web/CController.php(872): ComplianceController->renderFile()
#2 /home/srv/www/htdocs/rflogs/yii_back/framework/web/CController.php(785): ComplianceController->renderPartial()
#3 /home/srv/www/htdocs/rflogs/protected/controllers/ComplianceController.php(103): ComplianceController->render()
#4 unknown(0): ComplianceController->actionProcess()
#5 /home/srv/www/htdocs/rflogs/yii_back/framework/web/actions/CAction.php(109): ReflectionMethod->invokeArgs()
#6 /home/srv/www/htdocs/rflogs/yii_back/framework/web/actions/CInlineAction.php(47): CInlineAction->runWithParamsInternal()
#7 /home/srv/www/htdocs/rflogs/yii_back/framework/web/CController.php(308): CInlineAction->runWithParams()
#8 /home/srv/www/htdocs/rflogs/yii_back/framework/web/filters/CFilterChain.php(134): ComplianceController->runAction()
#9 /home/srv/www/htdocs/rflogs/yii_back/framework/web/filters/CFilter.php(40): CFilterChain->run()
#10 /home/srv/www/htdocs/rflogs/yii_back/framework/web/CController.php(1148): CAccessControlFilter->filter()
#11 /home/srv/www/htdocs/rflogs/yii_back/framework/web/filters/CInlineFilter.php(58): ComplianceController->filterAccessControl()
#12 /home/srv/www/htdocs/rflogs/yii_back/framework/web/filters/CFilterChain.php(131): CInlineFilter->filter()
#13 /home/srv/www/htdocs/rflogs/yii_back/framework/web/CController.php(291): CFilterChain->run()
#14 /home/srv/www/htdocs/rflogs/yii_back/framework/web/CController.php(265): ComplianceController->runActionWithFilters()
#15 /home/srv/www/htdocs/rflogs/yii_back/framework/web/CWebApplication.php(282): ComplianceController->run()
#16 /home/srv/www/htdocs/rflogs/yii_back/framework/web/CWebApplication.php(141): CWebApplication->runController()
#17 /home/srv/www/htdocs/rflogs/yii_back/framework/base/CApplication.php(185): CWebApplication->processRequest()
#18 /home/srv/www/htdocs/rflogs/index.php(8): CWebApplication->run()
REQUEST_URI=/rflogs/compliance/process/25
2020/05/06 07:22:52 [error] [exception.CException] CException: EYiiPdf and its behaviors do not have a method or closure named "WriteOutput". in /home/srv/www/htdocs/rflogs/yii_back/framework/base/CComponent.php:266
Stack trace:
#0 /home/srv/www/htdocs/rflogs/protected/components/AppPDF.php(14): CComponent->__call('WriteOutput', Array)
#1 /home/srv/www/htdocs/rflogs/protected/views/compliance/process.php(110): AppPDF::StandardPDF(NULL)
#2 /home/srv/www/htdocs/rflogs/yii_back/framework/web/CBaseController.php(126): require('/home/srv/www/h...')
#3 /home/srv/www/htdocs/rflogs/yii_back/framework/web/CBaseController.php(95): CBaseController->renderInternal('/home/srv/www/h...', Array, true)
#4 /home/srv/www/htdocs/rflogs/yii_back/framework/web/CController.php(872): CBaseController->renderFile('/home/srv/www/h...', Array, true)
#5 /home/srv/www/htdocs/rflogs/yii_back/framework/web/CController.php(785): CController->renderPartial('process', Array, true)
#6 /home/srv/www/htdocs/rflogs/protected/controllers/ComplianceController.php(103): CController->render('process', Array)
#7 [internal function]: ComplianceController->actionProcess('25')
#8 /home/srv/www/htdocs/rflogs/yii_back/framework/web/actions/CAction.php(109): ReflectionMethod->invokeArgs(Object(ComplianceController), Array)
#9 /home/srv/www/htdocs/rflogs/yii_back/framework/web/actions/CInlineAction.php(47): CAction->runWithParamsInternal(Object(ComplianceController), Object(ReflectionMethod), Array)
#10 /home/srv/www/htdocs/rflogs/yii_back/framework/web/CController.php(308): CInlineAction->runWithParams(Array)
#11 /home/srv/www/htdocs/rflogs/yii_back/framework/web/filters/CFilterChain.php(134): CController->runAction(Object(CInlineAction))
#12 /home/srv/www/htdocs/rflogs/yii_back/framework/web/filters/CFilter.php(40): CFilterChain->run()
#13 /home/srv/www/htdocs/rflogs/yii_back/framework/web/CController.php(1148): CFilter->filter(Object(CFilterChain))
#14 /home/srv/www/htdocs/rflogs/yii_back/framework/web/filters/CInlineFilter.php(58): CController->filterAccessControl(Object(CFilterChain))
#15 /home/srv/www/htdocs/rflogs/yii_back/framework/web/filters/CFilterChain.php(131): CInlineFilter->filter(Object(CFilterChain))
#16 /home/srv/www/htdocs/rflogs/yii_back/framework/web/CController.php(291): CFilterChain->run()
#17 /home/srv/www/htdocs/rflogs/yii_back/framework/web/CController.php(265): CController->runActionWithFilters(Object(CInlineAction), Array)
#18 /home/srv/www/htdocs/rflogs/yii_back/framework/web/CWebApplication.php(282): CController->run('process')
#19 /home/srv/www/htdocs/rflogs/yii_back/framework/web/CWebApplication.php(141): CWebApplication->runController('compliance/proc...')
#20 /home/srv/www/htdocs/rflogs/yii_back/framework/base/CApplication.php(185): CWebApplication->processRequest()
#21 /home/srv/www/htdocs/rflogs/index.php(8): CApplication->run()
#22 {main}
REQUEST_URI=/rflogs/compliance/process/25
HTTP_REFERER=http://197.248.31.170/rflogs/compliance
---
2020/05/06 07:41:54 [error] [exception.CException] CException: EYiiPdf and its behaviors do not have a method or closure named "WriteOutput". in /home/srv/www/htdocs/rflogs/yii_back/framework/base/CComponent.php:266
Stack trace:
#0 /home/srv/www/htdocs/rflogs/protected/components/AppPDF.php(14): CComponent->__call('WriteOutput', Array)
#1 /home/srv/www/htdocs/rflogs/protected/views/compliance/process.php(110): AppPDF::StandardPDF(NULL)
#2 /home/srv/www/htdocs/rflogs/yii_back/framework/web/CBaseController.php(126): require('/home/srv/www/h...')
#3 /home/srv/www/htdocs/rflogs/yii_back/framework/web/CBaseController.php(95): CBaseController->renderInternal('/home/srv/www/h...', Array, true)
#4 /home/srv/www/htdocs/rflogs/yii_back/framework/web/CController.php(872): CBaseController->renderFile('/home/srv/www/h...', Array, true)
#5 /home/srv/www/htdocs/rflogs/yii_back/framework/web/CController.php(785): CController->renderPartial('process', Array, true)
#6 /home/srv/www/htdocs/rflogs/protected/controllers/ComplianceController.php(103): CController->render('process', Array)
#7 [internal function]: ComplianceController->actionProcess('25')
#8 /home/srv/www/htdocs/rflogs/yii_back/framework/web/actions/CAction.php(109): ReflectionMethod->invokeArgs(Object(ComplianceController), Array)
#9 /home/srv/www/htdocs/rflogs/yii_back/framework/web/actions/CInlineAction.php(47): CAction->runWithParamsInternal(Object(ComplianceController), Object(ReflectionMethod), Array)
#10 /home/srv/www/htdocs/rflogs/yii_back/framework/web/CController.php(308): CInlineAction->runWithParams(Array)
#11 /home/srv/www/htdocs/rflogs/yii_back/framework/web/filters/CFilterChain.php(134): CController->runAction(Object(CInlineAction))
#12 /home/srv/www/htdocs/rflogs/yii_back/framework/web/filters/CFilter.php(40): CFilterChain->run()
#13 /home/srv/www/htdocs/rflogs/yii_back/framework/web/CController.php(1148): CFilter->filter(Object(CFilterChain))
#14 /home/srv/www/htdocs/rflogs/yii_back/framework/web/filters/CInlineFilter.php(58): CController->filterAccessControl(Object(CFilterChain))
#15 /home/srv/www/htdocs/rflogs/yii_back/framework/web/filters/CFilterChain.php(131): CInlineFilter->filter(Object(CFilterChain))
#16 /home/srv/www/htdocs/rflogs/yii_back/framework/web/CController.php(291): CFilterChain->run()
#17 /home/srv/www/htdocs/rflogs/yii_back/framework/web/CController.php(265): CController->runActionWithFilters(Object(CInlineAction), Array)
#18 /home/srv/www/htdocs/rflogs/yii_back/framework/web/CWebApplication.php(282): CController->run('process')
#19 /home/srv/www/htdocs/rflogs/yii_back/framework/web/CWebApplication.php(141): CWebApplication->runController('compliance/proc...')
#20 /home/srv/www/htdocs/rflogs/yii_back/framework/base/CApplication.php(185): CWebApplication->processRequest()
#21 /home/srv/www/htdocs/rflogs/index.php(8): CApplication->run()
#22 {main}
REQUEST_URI=/rflogs/compliance/process/25
HTTP_REFERER=http://197.248.31.170/rflogs/compliance
---
2020/05/06 07:48:36 [error] [exception.CException] CException: EYiiPdf and its behaviors do not have a method or closure named "WriteOutput". in /home/srv/www/htdocs/rflogs/yii_back/framework/base/CComponent.php:266
Stack trace:
#0 /home/srv/www/htdocs/rflogs/protected/components/AppPDF.php(14): CComponent->__call('WriteOutput', Array)
#1 /home/srv/www/htdocs/rflogs/protected/views/compliance/process.php(110): AppPDF::StandardPDF(NULL)
#2 /home/srv/www/htdocs/rflogs/yii_back/framework/web/CBaseController.php(126): require('/home/srv/www/h...')
#3 /home/srv/www/htdocs/rflogs/yii_back/framework/web/CBaseController.php(95): CBaseController->renderInternal('/home/srv/www/h...', Array, true)
#4 /home/srv/www/htdocs/rflogs/yii_back/framework/web/CController.php(872): CBaseController->renderFile('/home/srv/www/h...', Array, true)
#5 /home/srv/www/htdocs/rflogs/yii_back/framework/web/CController.php(785): CController->renderPartial('process', Array, true)
#6 /home/srv/www/htdocs/rflogs/protected/controllers/ComplianceController.php(103): CController->render('process', Array)
#7 [internal function]: ComplianceController->actionProcess('25')
#8 /home/srv/www/htdocs/rflogs/yii_back/framework/web/actions/CAction.php(109): ReflectionMethod->invokeArgs(Object(ComplianceController), Array)
#9 /home/srv/www/htdocs/rflogs/yii_back/framework/web/actions/CInlineAction.php(47): CAction->runWithParamsInternal(Object(ComplianceController), Object(ReflectionMethod), Array)
#10 /home/srv/www/htdocs/rflogs/yii_back/framework/web/CController.php(308): CInlineAction->runWithParams(Array)
#11 /home/srv/www/htdocs/rflogs/yii_back/framework/web/filters/CFilterChain.php(134): CController->runAction(Object(CInlineAction))
#12 /home/srv/www/htdocs/rflogs/yii_back/framework/web/filters/CFilter.php(40): CFilterChain->run()
#13 /home/srv/www/htdocs/rflogs/yii_back/framework/web/CController.php(1148): CFilter->filter(Object(CFilterChain))
#14 /home/srv/www/htdocs/rflogs/yii_back/framework/web/filters/CInlineFilter.php(58): CController->filterAccessControl(Object(CFilterChain))
#15 /home/srv/www/htdocs/rflogs/yii_back/framework/web/filters/CFilterChain.php(131): CInlineFilter->filter(Object(CFilterChain))
#16 /home/srv/www/htdocs/rflogs/yii_back/framework/web/CController.php(291): CFilterChain->run()
#17 /home/srv/www/htdocs/rflogs/yii_back/framework/web/CController.php(265): CController->runActionWithFilters(Object(CInlineAction), Array)
#18 /home/srv/www/htdocs/rflogs/yii_back/framework/web/CWebApplication.php(282): CController->run('process')
#19 /home/srv/www/htdocs/rflogs/yii_back/framework/web/CWebApplication.php(141): CWebApplication->runController('compliance/proc...')
#20 /home/srv/www/htdocs/rflogs/yii_back/framework/base/CApplication.php(185): CWebApplication->processRequest()
#21 /home/srv/www/htdocs/rflogs/index.php(8): CApplication->run()
#22 {main}
REQUEST_URI=/rflogs/compliance/process/25
HTTP_REFERER=http://197.248.31.170/rflogs/compliance
---
2020/05/06 05:51:43 [error] [php] file_get_contents(/home/srv/www/htdocs/rflogs/css/pdf2.css): failed to open stream: No such file or directory (/home/srv/www/htdocs/rflogs/protected/extensions/yii-pdf/EYiiPdf.php:148)
Stack trace:
#0 /home/srv/www/htdocs/rflogs/protected/views/compliance/process.php(110): StandardPDF()
#1 /home/srv/www/htdocs/rflogs/yii_back/framework/web/CBaseController.php(126): require()
#2 /home/srv/www/htdocs/rflogs/yii_back/framework/web/CBaseController.php(95): ComplianceController->renderInternal()
#3 /home/srv/www/htdocs/rflogs/yii_back/framework/web/CController.php(872): ComplianceController->renderFile()
#4 /home/srv/www/htdocs/rflogs/yii_back/framework/web/CController.php(785): ComplianceController->renderPartial()
#5 /home/srv/www/htdocs/rflogs/protected/controllers/ComplianceController.php(103): ComplianceController->render()
#6 unknown(0): ComplianceController->actionProcess()
#7 /home/srv/www/htdocs/rflogs/yii_back/framework/web/actions/CAction.php(109): ReflectionMethod->invokeArgs()
#8 /home/srv/www/htdocs/rflogs/yii_back/framework/web/actions/CInlineAction.php(47): CInlineAction->runWithParamsInternal()
#9 /home/srv/www/htdocs/rflogs/yii_back/framework/web/CController.php(308): CInlineAction->runWithParams()
#10 /home/srv/www/htdocs/rflogs/yii_back/framework/web/filters/CFilterChain.php(134): ComplianceController->runAction()
#11 /home/srv/www/htdocs/rflogs/yii_back/framework/web/filters/CFilter.php(40): CFilterChain->run()
#12 /home/srv/www/htdocs/rflogs/yii_back/framework/web/CController.php(1148): CAccessControlFilter->filter()
#13 /home/srv/www/htdocs/rflogs/yii_back/framework/web/filters/CInlineFilter.php(58): ComplianceController->filterAccessControl()
#14 /home/srv/www/htdocs/rflogs/yii_back/framework/web/filters/CFilterChain.php(131): CInlineFilter->filter()
#15 /home/srv/www/htdocs/rflogs/yii_back/framework/web/CController.php(291): CFilterChain->run()
#16 /home/srv/www/htdocs/rflogs/yii_back/framework/web/CController.php(265): ComplianceController->runActionWithFilters()
#17 /home/srv/www/htdocs/rflogs/yii_back/framework/web/CWebApplication.php(282): ComplianceController->run()
#18 /home/srv/www/htdocs/rflogs/yii_back/framework/web/CWebApplication.php(141): CWebApplication->runController()
#19 /home/srv/www/htdocs/rflogs/yii_back/framework/base/CApplication.php(185): CWebApplication->processRequest()
#20 /home/srv/www/htdocs/rflogs/index.php(8): CWebApplication->run()
REQUEST_URI=/rflogs/compliance/process/25
2020/05/06 05:55:11 [error] [php] file_put_contents(/home/srv/www/htdocs/rflogs/docs/pdf/Compliance_Report_06052020055511.pdf): failed to open stream: No such file or directory (/home/srv/www/htdocs/rflogs/protected/components/AppPDF.php:23)
Stack trace:
#0 /home/srv/www/htdocs/rflogs/yii_back/framework/web/CBaseController.php(126): require()
#1 /home/srv/www/htdocs/rflogs/yii_back/framework/web/CBaseController.php(95): ComplianceController->renderInternal()
#2 /home/srv/www/htdocs/rflogs/yii_back/framework/web/CController.php(872): ComplianceController->renderFile()
#3 /home/srv/www/htdocs/rflogs/yii_back/framework/web/CController.php(785): ComplianceController->renderPartial()
#4 /home/srv/www/htdocs/rflogs/protected/controllers/ComplianceController.php(103): ComplianceController->render()
#5 unknown(0): ComplianceController->actionProcess()
#6 /home/srv/www/htdocs/rflogs/yii_back/framework/web/actions/CAction.php(109): ReflectionMethod->invokeArgs()
#7 /home/srv/www/htdocs/rflogs/yii_back/framework/web/actions/CInlineAction.php(47): CInlineAction->runWithParamsInternal()
#8 /home/srv/www/htdocs/rflogs/yii_back/framework/web/CController.php(308): CInlineAction->runWithParams()
#9 /home/srv/www/htdocs/rflogs/yii_back/framework/web/filters/CFilterChain.php(134): ComplianceController->runAction()
#10 /home/srv/www/htdocs/rflogs/yii_back/framework/web/filters/CFilter.php(40): CFilterChain->run()
#11 /home/srv/www/htdocs/rflogs/yii_back/framework/web/CController.php(1148): CAccessControlFilter->filter()
#12 /home/srv/www/htdocs/rflogs/yii_back/framework/web/filters/CInlineFilter.php(58): ComplianceController->filterAccessControl()
#13 /home/srv/www/htdocs/rflogs/yii_back/framework/web/filters/CFilterChain.php(131): CInlineFilter->filter()
#14 /home/srv/www/htdocs/rflogs/yii_back/framework/web/CController.php(291): CFilterChain->run()
#15 /home/srv/www/htdocs/rflogs/yii_back/framework/web/CController.php(265): ComplianceController->runActionWithFilters()
#16 /home/srv/www/htdocs/rflogs/yii_back/framework/web/CWebApplication.php(282): ComplianceController->run()
#17 /home/srv/www/htdocs/rflogs/yii_back/framework/web/CWebApplication.php(141): CWebApplication->runController()
#18 /home/srv/www/htdocs/rflogs/yii_back/framework/base/CApplication.php(185): CWebApplication->processRequest()
#19 /home/srv/www/htdocs/rflogs/index.php(8): CWebApplication->run()
REQUEST_URI=/rflogs/compliance/process/25
2020/05/06 05:57:40 [error] [php] file_put_contents(/home/srv/www/htdocs/rflogs/docs/pdf/Compliance_Report_06052020055740.pdf): failed to open stream: Permission denied (/home/srv/www/htdocs/rflogs/protected/components/AppPDF.php:23)
Stack trace:
#0 /home/srv/www/htdocs/rflogs/yii_back/framework/web/CBaseController.php(126): require()
#1 /home/srv/www/htdocs/rflogs/yii_back/framework/web/CBaseController.php(95): ComplianceController->renderInternal()
#2 /home/srv/www/htdocs/rflogs/yii_back/framework/web/CController.php(872): ComplianceController->renderFile()
#3 /home/srv/www/htdocs/rflogs/yii_back/framework/web/CController.php(785): ComplianceController->renderPartial()
#4 /home/srv/www/htdocs/rflogs/protected/controllers/ComplianceController.php(103): ComplianceController->render()
#5 unknown(0): ComplianceController->actionProcess()
#6 /home/srv/www/htdocs/rflogs/yii_back/framework/web/actions/CAction.php(109): ReflectionMethod->invokeArgs()
#7 /home/srv/www/htdocs/rflogs/yii_back/framework/web/actions/CInlineAction.php(47): CInlineAction->runWithParamsInternal()
#8 /home/srv/www/htdocs/rflogs/yii_back/framework/web/CController.php(308): CInlineAction->runWithParams()
#9 /home/srv/www/htdocs/rflogs/yii_back/framework/web/filters/CFilterChain.php(134): ComplianceController->runAction()
#10 /home/srv/www/htdocs/rflogs/yii_back/framework/web/filters/CFilter.php(40): CFilterChain->run()
#11 /home/srv/www/htdocs/rflogs/yii_back/framework/web/CController.php(1148): CAccessControlFilter->filter()
#12 /home/srv/www/htdocs/rflogs/yii_back/framework/web/filters/CInlineFilter.php(58): ComplianceController->filterAccessControl()
#13 /home/srv/www/htdocs/rflogs/yii_back/framework/web/filters/CFilterChain.php(131): CInlineFilter->filter()
#14 /home/srv/www/htdocs/rflogs/yii_back/framework/web/CController.php(291): CFilterChain->run()
#15 /home/srv/www/htdocs/rflogs/yii_back/framework/web/CController.php(265): ComplianceController->runActionWithFilters()
#16 /home/srv/www/htdocs/rflogs/yii_back/framework/web/CWebApplication.php(282): ComplianceController->run()
#17 /home/srv/www/htdocs/rflogs/yii_back/framework/web/CWebApplication.php(141): CWebApplication->runController()
#18 /home/srv/www/htdocs/rflogs/yii_back/framework/base/CApplication.php(185): CWebApplication->processRequest()
#19 /home/srv/www/htdocs/rflogs/index.php(8): CWebApplication->run()
REQUEST_URI=/rflogs/compliance/process/25
2020/05/11 11:51:09 [error] [system.db.CDbCommand] CDbCommand::fetchAll() failed: SQLSTATE[42S02]: Base table or view not found: 1146 Table 'planning_tool.platform_users' doesn't exist. The SQL statement executed was: SHOW FULL COLUMNS FROM `platform_users`.
2020/05/11 11:51:09 [error] [exception.CDbException] CDbException: The table "platform_users" for active record class "Users" cannot be found in the database. in /home/srv/www/htdocs/rflogs/yii_back/framework/db/ar/CActiveRecord.php:2390
Stack trace:
#0 /home/srv/www/htdocs/rflogs/yii_back/framework/db/ar/CActiveRecord.php(413): CActiveRecordMetaData->__construct(Object(Users))
#1 /home/srv/www/htdocs/rflogs/yii_back/framework/db/ar/CActiveRecord.php(663): CActiveRecord->getMetaData()
#2 /home/srv/www/htdocs/rflogs/yii_back/framework/db/ar/CActiveRecord.php(1358): CActiveRecord->getTableSchema()
#3 /home/srv/www/htdocs/rflogs/yii_back/framework/db/ar/CActiveRecord.php(1464): CActiveRecord->query(Object(CDbCriteria))
#4 /home/srv/www/htdocs/rflogs/protected/components/UserIdentity.php(30): CActiveRecord->find('username=:a AND...', Array)
#5 /home/srv/www/htdocs/rflogs/protected/models/LoginForm.php(61): UserIdentity->authenticate()
#6 /home/srv/www/htdocs/rflogs/yii_back/framework/validators/CInlineValidator.php(42): LoginForm->authenticate('password', Array)
#7 /home/srv/www/htdocs/rflogs/yii_back/framework/validators/CValidator.php(201): CInlineValidator->validateAttribute(Object(LoginForm), 'password')
#8 /home/srv/www/htdocs/rflogs/yii_back/framework/base/CModel.php(159): CValidator->validate(Object(LoginForm), Array)
#9 /home/srv/www/htdocs/rflogs/protected/controllers/SiteController.php(111): CModel->validate()
#10 /home/srv/www/htdocs/rflogs/yii_back/framework/web/actions/CInlineAction.php(49): SiteController->actionLogin()
#11 /home/srv/www/htdocs/rflogs/yii_back/framework/web/CController.php(308): CInlineAction->runWithParams(Array)
#12 /home/srv/www/htdocs/rflogs/yii_back/framework/web/CController.php(286): CController->runAction(Object(CInlineAction))
#13 /home/srv/www/htdocs/rflogs/yii_back/framework/web/CController.php(265): CController->runActionWithFilters(Object(CInlineAction), Array)
#14 /home/srv/www/htdocs/rflogs/yii_back/framework/web/CWebApplication.php(282): CController->run('login')
#15 /home/srv/www/htdocs/rflogs/yii_back/framework/web/CWebApplication.php(141): CWebApplication->runController('site/login')
#16 /home/srv/www/htdocs/rflogs/yii_back/framework/base/CApplication.php(185): CWebApplication->processRequest()
#17 /home/srv/www/htdocs/rflogs/index.php(8): CApplication->run()
#18 {main}
REQUEST_URI=/rflogs/site/login
HTTP_REFERER=http://197.248.31.170/rflogs/site/login
---
2020/05/11 11:55:23 [error] [system.db.CDbCommand] CDbCommand::fetchAll() failed: SQLSTATE[42S02]: Base table or view not found: 1146 Table 'planning_tool.platform_users' doesn't exist. The SQL statement executed was: SHOW FULL COLUMNS FROM `platform_users`.
2020/05/11 11:55:23 [error] [exception.CDbException] CDbException: The table "platform_users" for active record class "Users" cannot be found in the database. in /home/srv/www/htdocs/rflogs/yii_back/framework/db/ar/CActiveRecord.php:2390
Stack trace:
#0 /home/srv/www/htdocs/rflogs/yii_back/framework/db/ar/CActiveRecord.php(413): CActiveRecordMetaData->__construct(Object(Users))
#1 /home/srv/www/htdocs/rflogs/yii_back/framework/db/ar/CActiveRecord.php(663): CActiveRecord->getMetaData()
#2 /home/srv/www/htdocs/rflogs/yii_back/framework/db/ar/CActiveRecord.php(1358): CActiveRecord->getTableSchema()
#3 /home/srv/www/htdocs/rflogs/yii_back/framework/db/ar/CActiveRecord.php(1464): CActiveRecord->query(Object(CDbCriteria))
#4 /home/srv/www/htdocs/rflogs/protected/components/UserIdentity.php(30): CActiveRecord->find('username=:a AND...', Array)
#5 /home/srv/www/htdocs/rflogs/protected/models/LoginForm.php(61): UserIdentity->authenticate()
#6 /home/srv/www/htdocs/rflogs/yii_back/framework/validators/CInlineValidator.php(42): LoginForm->authenticate('password', Array)
#7 /home/srv/www/htdocs/rflogs/yii_back/framework/validators/CValidator.php(201): CInlineValidator->validateAttribute(Object(LoginForm), 'password')
#8 /home/srv/www/htdocs/rflogs/yii_back/framework/base/CModel.php(159): CValidator->validate(Object(LoginForm), Array)
#9 /home/srv/www/htdocs/rflogs/protected/controllers/SiteController.php(111): CModel->validate()
#10 /home/srv/www/htdocs/rflogs/yii_back/framework/web/actions/CInlineAction.php(49): SiteController->actionLogin()
#11 /home/srv/www/htdocs/rflogs/yii_back/framework/web/CController.php(308): CInlineAction->runWithParams(Array)
#12 /home/srv/www/htdocs/rflogs/yii_back/framework/web/CController.php(286): CController->runAction(Object(CInlineAction))
#13 /home/srv/www/htdocs/rflogs/yii_back/framework/web/CController.php(265): CController->runActionWithFilters(Object(CInlineAction), Array)
#14 /home/srv/www/htdocs/rflogs/yii_back/framework/web/CWebApplication.php(282): CController->run('login')
#15 /home/srv/www/htdocs/rflogs/yii_back/framework/web/CWebApplication.php(141): CWebApplication->runController('site/login')
#16 /home/srv/www/htdocs/rflogs/yii_back/framework/base/CApplication.php(185): CWebApplication->processRequest()
#17 /home/srv/www/htdocs/rflogs/index.php(8): CApplication->run()
#18 {main}
REQUEST_URI=/rflogs/site/login
HTTP_REFERER=http://197.248.31.170/rflogs/site/login
---
2020/05/13 10:02:28 [error] [system.db.CDbCommand] CDbCommand::fetchAll() failed: SQLSTATE[42000]: Syntax error or access violation: 1064 You have an error in your SQL syntax; check the manual that corresponds to your MariaDB server version for the right syntax to use near 'AND incantation.active=1
				AND incantation.mpg=0
				AND incantation.incantati' at line 3. The SQL statement executed was: SELECT incantation_id, incantation_name FROM incantation
				WHERE incantation_brand_id = 
				AND incantation.active=1
				AND incantation.mpg=0
				AND incantation.incantation_entry_type_id=1  AND (incantation_name NOT LIKE '%tvc%' AND incantation_name NOT LIKE '%\_tv%' AND incantation_name NOT LIKE '% tv %')
				AND (incantation.incantation_name LIKE '%citizen radio%' OR incantation.incantation_file LIKE 'CIT\_%' 
				OR incantation.incantation_file LIKE 'm\_CIT\_%')
				ORDER BY incantation_id desc.
2020/05/13 10:02:28 [error] [exception.CDbException] CDbException: CDbCommand failed to execute the SQL statement: SQLSTATE[42000]: Syntax error or access violation: 1064 You have an error in your SQL syntax; check the manual that corresponds to your MariaDB server version for the right syntax to use near 'AND incantation.active=1
				AND incantation.mpg=0
				AND incantation.incantati' at line 3 in /home/srv/www/htdocs/rflogs/yii_back/framework/db/CDbCommand.php:543
Stack trace:
#0 /home/srv/www/htdocs/rflogs/yii_back/framework/db/CDbCommand.php(396): CDbCommand->queryInternal('fetchAll', Array, Array)
#1 /home/srv/www/htdocs/rflogs/protected/controllers/HomeController.php(200): CDbCommand->queryAll()
#2 /home/srv/www/htdocs/rflogs/yii_back/framework/web/actions/CInlineAction.php(49): HomeController->actionGetdata()
#3 /home/srv/www/htdocs/rflogs/yii_back/framework/web/CController.php(308): CInlineAction->runWithParams(Array)
#4 /home/srv/www/htdocs/rflogs/yii_back/framework/web/filters/CFilterChain.php(134): CController->runAction(Object(CInlineAction))
#5 /home/srv/www/htdocs/rflogs/yii_back/framework/web/filters/CFilter.php(40): CFilterChain->run()
#6 /home/srv/www/htdocs/rflogs/yii_back/framework/web/CController.php(1148): CFilter->filter(Object(CFilterChain))
#7 /home/srv/www/htdocs/rflogs/yii_back/framework/web/filters/CInlineFilter.php(58): CController->filterAccessControl(Object(CFilterChain))
#8 /home/srv/www/htdocs/rflogs/yii_back/framework/web/filters/CFilterChain.php(131): CInlineFilter->filter(Object(CFilterChain))
#9 /home/srv/www/htdocs/rflogs/yii_back/framework/web/CController.php(291): CFilterChain->run()
#10 /home/srv/www/htdocs/rflogs/yii_back/framework/web/CController.php(265): CController->runActionWithFilters(Object(CInlineAction), Array)
#11 /home/srv/www/htdocs/rflogs/yii_back/framework/web/CWebApplication.php(282): CController->run('getdata')
#12 /home/srv/www/htdocs/rflogs/yii_back/framework/web/CWebApplication.php(141): CWebApplication->runController('home/getdata')
#13 /home/srv/www/htdocs/rflogs/yii_back/framework/base/CApplication.php(185): CWebApplication->processRequest()
#14 /home/srv/www/htdocs/rflogs/index.php(8): CApplication->run()
#15 {main}
REQUEST_URI=/rflogs/home/getdata
HTTP_REFERER=http://197.248.31.170/rflogs/home/auto
---
2020/05/18 15:12:10 [error] [exception.CHttpException.404] CHttpException: The system is unable to find the requested action "login". in C:\wamp64\www\rflogs\yii_back\framework\web\CController.php:486
Stack trace:
#0 C:\wamp64\www\rflogs\yii_back\framework\web\CController.php(270): CController->missingAction('login')
#1 C:\wamp64\www\rflogs\yii_back\framework\web\CWebApplication.php(282): CController->run('login')
#2 C:\wamp64\www\rflogs\yii_back\framework\web\CWebApplication.php(141): CWebApplication->runController('site/login')
#3 C:\wamp64\www\rflogs\yii_back\framework\base\CApplication.php(185): CWebApplication->processRequest()
#4 C:\wamp64\www\rflogs\index.php(8): CApplication->run()
#5 {main}
REQUEST_URI=/rflogs/site/login
HTTP_REFERER=http://127.0.0.1/rflogs/site/login
---
2020/05/18 15:12:10 [error] [exception.CHttpException.404] CHttpException: The system is unable to find the requested action "login". in C:\wamp64\www\rflogs\yii_back\framework\web\CController.php:486
Stack trace:
#0 C:\wamp64\www\rflogs\yii_back\framework\web\CController.php(270): CController->missingAction('login')
#1 C:\wamp64\www\rflogs\yii_back\framework\web\CWebApplication.php(282): CController->run('login')
#2 C:\wamp64\www\rflogs\yii_back\framework\web\CWebApplication.php(141): CWebApplication->runController('site/login')
#3 C:\wamp64\www\rflogs\yii_back\framework\base\CApplication.php(185): CWebApplication->processRequest()
#4 C:\wamp64\www\rflogs\index.php(8): CApplication->run()
#5 {main}
REQUEST_URI=/rflogs/site/login
---
2020/05/19 10:56:38 [error] [exception.CDbException] SQLSTATE[HY000] [2002] No connection could be made because the target machine actively refused it.

2020/05/19 10:56:38 [error] [exception.CDbException] CDbException: CDbConnection failed to open the DB connection. in C:\wamp64\www\rflogs\yii_back\framework\db\CDbConnection.php:405
Stack trace:
#0 C:\wamp64\www\rflogs\yii_back\framework\db\CDbConnection.php(347): CDbConnection->open()
#1 C:\wamp64\www\rflogs\yii_back\framework\db\CDbConnection.php(325): CDbConnection->setActive(true)
#2 C:\wamp64\www\rflogs\yii_back\framework\base\CModule.php(394): CDbConnection->init()
#3 C:\wamp64\www\rflogs\yii_back\framework\base\CApplication.php(459): CModule->getComponent('db')
#4 C:\wamp64\www\rflogs\yii_back\framework\db\ar\CActiveRecord.php(639): CApplication->getDb()
#5 C:\wamp64\www\rflogs\yii_back\framework\db\ar\CActiveRecord.php(672): CActiveRecord->getDbConnection()
#6 C:\wamp64\www\rflogs\yii_back\framework\db\ar\CActiveRecord.php(1463): CActiveRecord->getCommandBuilder()
#7 C:\wamp64\www\rflogs\protected\components\UserIdentity.php(30): CActiveRecord->find('username=:a AND...', Array)
#8 C:\wamp64\www\rflogs\protected\models\LoginForm.php(61): UserIdentity->authenticate()
#9 C:\wamp64\www\rflogs\yii_back\framework\validators\CInlineValidator.php(42): LoginForm->authenticate('password', Array)
#10 C:\wamp64\www\rflogs\yii_back\framework\validators\CValidator.php(201): CInlineValidator->validateAttribute(Object(LoginForm), 'password')
#11 C:\wamp64\www\rflogs\yii_back\framework\base\CModel.php(159): CValidator->validate(Object(LoginForm), Array)
#12 C:\wamp64\www\rflogs\protected\controllers\SiteController.php(111): CModel->validate()
#13 C:\wamp64\www\rflogs\yii_back\framework\web\actions\CInlineAction.php(49): SiteController->actionLogin()
#14 C:\wamp64\www\rflogs\yii_back\framework\web\CController.php(308): CInlineAction->runWithParams(Array)
#15 C:\wamp64\www\rflogs\yii_back\framework\web\CController.php(286): CController->runAction(Object(CInlineAction))
#16 C:\wamp64\www\rflogs\yii_back\framework\web\CController.php(265): CController->runActionWithFilters(Object(CInlineAction), Array)
#17 C:\wamp64\www\rflogs\yii_back\framework\web\CWebApplication.php(282): CController->run('login')
#18 C:\wamp64\www\rflogs\yii_back\framework\web\CWebApplication.php(141): CWebApplication->runController('site/login')
#19 C:\wamp64\www\rflogs\yii_back\framework\base\CApplication.php(185): CWebApplication->processRequest()
#20 C:\wamp64\www\rflogs\index.php(8): CApplication->run()
#21 {main}
REQUEST_URI=/rflogs/site/login
HTTP_REFERER=http://127.0.0.1/rflogs/site/login
---
